[25-Nov-2025 20:35:16 +0530]: <uuuk8qre> IMAP Error: Login failed for manoj against localhost from 192.168.10.95. AUTHENTICATE PLAIN: Authentication failed. in /var/www/html/roundcube/program/lib/Roundcube/rcube_imap.php on line 211 (POST /roundcube/?_task=login&_action=login)
[25-Nov-2025 20:37:33 +0530]: <87a11tnv> IMAP Error: Login failed for manoj against localhost from 192.168.10.95. AUTHENTICATE PLAIN: Authentication failed. in /var/www/html/roundcube/program/lib/Roundcube/rcube_imap.php on line 211 (POST /roundcube/?_task=login&_action=login)
[25-Nov-2025 20:39:09 +0530]: <87a11tnv> IMAP Error: Login failed for eve@vulnmail.local against localhost from 192.168.10.95. AUTHENTICATE PLAIN: Authentication failed. in /var/www/html/roundcube/program/lib/Roundcube/rcube_imap.php on line 211 (POST /roundcube/?_task=login&_action=login)
[25-Nov-2025 20:40:01 +0530]: <87a11tnv> IMAP Error: Login failed for eve@vulnmail.local against localhost from 192.168.10.95. AUTHENTICATE PLAIN: Authentication failed. in /var/www/html/roundcube/program/lib/Roundcube/rcube_imap.php on line 211 (POST /roundcube/?_task=login&_action=login)
[26-Nov-2025 13:10:57 +0530]: <k7tqiblc> PHP Error: Invalid response code received from server (POST /roundcube/?_task=mail&_unlock=1&_framed=1&_lang=en_US&_action=send)
[26-Nov-2025 13:10:57 +0530]: <k7tqiblc> SMTP Error: Failed to add recipient 'rahul@vulnmail.local'. 5.1.1 <rahul@vulnmail.local>: Recipient address rejected: User unknown in local recipient table (Code: 550) in /var/www/html/roundcube/program/lib/Roundcube/rcube.php on line 1778 (POST /roundcube/?_task=mail&_unlock=1&_framed=1&_lang=en_US&_action=send)
[26-Nov-2025 13:10:59 +0530]: <k7tqiblc> PHP Error: Invalid response code received from server (POST /roundcube/?_task=mail&_unlock=1&_framed=1&_lang=en_US&_action=send)
[26-Nov-2025 13:10:59 +0530]: <k7tqiblc> SMTP Error: Failed to add recipient 'rahul@vulnmail.local'. 5.1.1 <rahul@vulnmail.local>: Recipient address rejected: User unknown in local recipient table (Code: 550) in /var/www/html/roundcube/program/lib/Roundcube/rcube.php on line 1778 (POST /roundcube/?_task=mail&_unlock=1&_framed=1&_lang=en_US&_action=send)
[26-Nov-2025 13:11:00 +0530]: <k7tqiblc> PHP Error: Invalid response code received from server (POST /roundcube/?_task=mail&_unlock=1&_framed=1&_lang=en_US&_action=send)
[26-Nov-2025 13:11:00 +0530]: <k7tqiblc> SMTP Error: Failed to add recipient 'rahul@vulnmail.local'. 5.1.1 <rahul@vulnmail.local>: Recipient address rejected: User unknown in local recipient table (Code: 550) in /var/www/html/roundcube/program/lib/Roundcube/rcube.php on line 1778 (POST /roundcube/?_task=mail&_unlock=1&_framed=1&_lang=en_US&_action=send)
[26-Nov-2025 13:11:08 +0530]: <k7tqiblc> PHP Error: Invalid response code received from server (POST /roundcube/?_task=mail&_unlock=1&_framed=1&_lang=en_US&_action=send)
[26-Nov-2025 13:11:08 +0530]: <k7tqiblc> SMTP Error: Failed to add recipient 'rahul@vulnmail.local'. 5.1.1 <rahul@vulnmail.local>: Recipient address rejected: User unknown in local recipient table (Code: 550) in /var/www/html/roundcube/program/lib/Roundcube/rcube.php on line 1778 (POST /roundcube/?_task=mail&_unlock=1&_framed=1&_lang=en_US&_action=send)
[26-Nov-2025 13:11:08 +0530]: <k7tqiblc> PHP Error: Invalid response code received from server (POST /roundcube/?_task=mail&_unlock=1&_framed=1&_lang=en_US&_action=send)
[26-Nov-2025 13:11:08 +0530]: <k7tqiblc> SMTP Error: Failed to add recipient 'rahul@vulnmail.local'. 5.1.1 <rahul@vulnmail.local>: Recipient address rejected: User unknown in local recipient table (Code: 550) in /var/www/html/roundcube/program/lib/Roundcube/rcube.php on line 1778 (POST /roundcube/?_task=mail&_unlock=1&_framed=1&_lang=en_US&_action=send)
[26-Nov-2025 13:11:09 +0530]: <k7tqiblc> PHP Error: Invalid response code received from server (POST /roundcube/?_task=mail&_unlock=1&_framed=1&_lang=en_US&_action=send)
[26-Nov-2025 13:11:09 +0530]: <k7tqiblc> SMTP Error: Failed to add recipient 'rahul@vulnmail.local'. 5.1.1 <rahul@vulnmail.local>: Recipient address rejected: User unknown in local recipient table (Code: 550) in /var/www/html/roundcube/program/lib/Roundcube/rcube.php on line 1778 (POST /roundcube/?_task=mail&_unlock=1&_framed=1&_lang=en_US&_action=send)
[26-Nov-2025 14:02:49 +0530]: <s71upcn8> PHP Error: Request security check failed (POST /roundcube/?_task=mail&_action=refresh)
[26-Nov-2025 14:03:18 +0530]: <s71upcn8> PHP Error: Request security check failed (POST /roundcube/?_task=mail&_unlock=1&_framed=1&_lang=en_US&_action=send)
[26-Nov-2025 14:03:52 +0530]: <s71upcn8> PHP Error: Request security check failed (POST /roundcube/?_task=mail&_action=refresh)
[26-Nov-2025 14:05:49 +0530]: <s71upcn8> PHP Error: Request security check failed (POST /roundcube/?_task=mail&_action=refresh)
[26-Nov-2025 14:07:49 +0530]: <s71upcn8> PHP Error: Request security check failed (POST /roundcube/?_task=mail&_action=refresh)
[26-Nov-2025 14:09:49 +0530]: <s71upcn8> PHP Error: Request security check failed (POST /roundcube/?_task=mail&_action=refresh)
[26-Nov-2025 14:11:49 +0530]: <s71upcn8> PHP Error: Request security check failed (POST /roundcube/?_task=mail&_action=refresh)
[26-Nov-2025 14:13:49 +0530]: <s71upcn8> PHP Error: Request security check failed (POST /roundcube/?_task=mail&_action=refresh)
[26-Nov-2025 14:15:49 +0530]: <s71upcn8> PHP Error: Request security check failed (POST /roundcube/?_task=mail&_action=refresh)
[26-Nov-2025 14:17:56 +0530]: <s71upcn8> PHP Error: Request security check failed (POST /roundcube/?_task=mail&_action=refresh)
[26-Nov-2025 14:19:49 +0530]: <s71upcn8> PHP Error: Request security check failed (POST /roundcube/?_task=mail&_action=refresh)
[26-Nov-2025 14:21:49 +0530]: <s71upcn8> PHP Error: Request security check failed (POST /roundcube/?_task=mail&_action=refresh)
[26-Nov-2025 14:23:49 +0530]: <s71upcn8> PHP Error: Request security check failed (POST /roundcube/?_task=mail&_action=refresh)
[26-Nov-2025 14:25:49 +0530]: <s71upcn8> PHP Error: Request security check failed (POST /roundcube/?_task=mail&_action=refresh)
[26-Nov-2025 14:27:49 +0530]: <s71upcn8> PHP Error: Request security check failed (POST /roundcube/?_task=mail&_action=refresh)
[26-Nov-2025 14:29:49 +0530]: <s71upcn8> PHP Error: Request security check failed (POST /roundcube/?_task=mail&_action=refresh)
[26-Nov-2025 14:31:49 +0530]: <s71upcn8> PHP Error: Request security check failed (POST /roundcube/?_task=mail&_action=refresh)
[26-Nov-2025 14:33:49 +0530]: <s71upcn8> PHP Error: Request security check failed (POST /roundcube/?_task=mail&_action=refresh)
[26-Nov-2025 14:35:49 +0530]: <s71upcn8> PHP Error: Request security check failed (POST /roundcube/?_task=mail&_action=refresh)
[26-Nov-2025 14:37:49 +0530]: <s71upcn8> PHP Error: Request security check failed (POST /roundcube/?_task=mail&_action=refresh)
[26-Nov-2025 14:39:49 +0530]: <s71upcn8> PHP Error: Request security check failed (POST /roundcube/?_task=mail&_action=refresh)
[26-Nov-2025 14:41:49 +0530]: <s71upcn8> PHP Error: Request security check failed (POST /roundcube/?_task=mail&_action=refresh)
[26-Nov-2025 14:43:49 +0530]: <s71upcn8> PHP Error: Request security check failed (POST /roundcube/?_task=mail&_action=refresh)
[26-Nov-2025 14:45:49 +0530]: <s71upcn8> PHP Error: Request security check failed (POST /roundcube/?_task=mail&_action=refresh)
[26-Nov-2025 14:47:49 +0530]: <s71upcn8> PHP Error: Request security check failed (POST /roundcube/?_task=mail&_action=refresh)
[26-Nov-2025 14:49:49 +0530]: <s71upcn8> PHP Error: Request security check failed (POST /roundcube/?_task=mail&_action=refresh)
[26-Nov-2025 14:51:49 +0530]: <s71upcn8> PHP Error: Request security check failed (POST /roundcube/?_task=mail&_action=refresh)
[26-Nov-2025 14:53:49 +0530]: <s71upcn8> PHP Error: Request security check failed (POST /roundcube/?_task=mail&_action=refresh)
[26-Nov-2025 14:55:49 +0530]: <s71upcn8> PHP Error: Request security check failed (POST /roundcube/?_task=mail&_action=refresh)
[26-Nov-2025 14:57:49 +0530]: <s71upcn8> PHP Error: Request security check failed (POST /roundcube/?_task=mail&_action=refresh)
[26-Nov-2025 14:59:49 +0530]: <s71upcn8> PHP Error: Request security check failed (POST /roundcube/?_task=mail&_action=refresh)
[26-Nov-2025 15:01:49 +0530]: <s71upcn8> PHP Error: Request security check failed (POST /roundcube/?_task=mail&_action=refresh)
[26-Nov-2025 15:03:49 +0530]: <s71upcn8> PHP Error: Request security check failed (POST /roundcube/?_task=mail&_action=refresh)
[26-Nov-2025 15:05:49 +0530]: <s71upcn8> PHP Error: Request security check failed (POST /roundcube/?_task=mail&_action=refresh)
[26-Nov-2025 15:07:49 +0530]: <s71upcn8> PHP Error: Request security check failed (POST /roundcube/?_task=mail&_action=refresh)
[26-Nov-2025 15:09:49 +0530]: <s71upcn8> PHP Error: Request security check failed (POST /roundcube/?_task=mail&_action=refresh)
[26-Nov-2025 15:11:49 +0530]: <s71upcn8> PHP Error: Request security check failed (POST /roundcube/?_task=mail&_action=refresh)
[26-Nov-2025 15:13:49 +0530]: <s71upcn8> PHP Error: Request security check failed (POST /roundcube/?_task=mail&_action=refresh)
[26-Nov-2025 15:15:49 +0530]: <s71upcn8> PHP Error: Request security check failed (POST /roundcube/?_task=mail&_action=refresh)
[26-Nov-2025 15:17:49 +0530]: <s71upcn8> PHP Error: Request security check failed (POST /roundcube/?_task=mail&_action=refresh)
[26-Nov-2025 15:19:49 +0530]: <s71upcn8> PHP Error: Request security check failed (POST /roundcube/?_task=mail&_action=refresh)
[26-Nov-2025 15:21:49 +0530]: <s71upcn8> PHP Error: Request security check failed (POST /roundcube/?_task=mail&_action=refresh)
[26-Nov-2025 15:23:49 +0530]: <s71upcn8> PHP Error: Request security check failed (POST /roundcube/?_task=mail&_action=refresh)
[26-Nov-2025 15:25:49 +0530]: <s71upcn8> PHP Error: Request security check failed (POST /roundcube/?_task=mail&_action=refresh)
[26-Nov-2025 15:27:56 +0530]: <s71upcn8> PHP Error: Request security check failed (POST /roundcube/?_task=mail&_action=refresh)
[26-Nov-2025 15:29:49 +0530]: <s71upcn8> PHP Error: Request security check failed (POST /roundcube/?_task=mail&_action=refresh)
[26-Nov-2025 15:31:49 +0530]: <s71upcn8> PHP Error: Request security check failed (POST /roundcube/?_task=mail&_action=refresh)
[26-Nov-2025 15:33:49 +0530]: <s71upcn8> PHP Error: Request security check failed (POST /roundcube/?_task=mail&_action=refresh)
[26-Nov-2025 15:35:49 +0530]: <s71upcn8> PHP Error: Request security check failed (POST /roundcube/?_task=mail&_action=refresh)
[26-Nov-2025 15:37:49 +0530]: <s71upcn8> PHP Error: Request security check failed (POST /roundcube/?_task=mail&_action=refresh)
[26-Nov-2025 15:39:49 +0530]: <s71upcn8> PHP Error: Request security check failed (POST /roundcube/?_task=mail&_action=refresh)
[26-Nov-2025 15:41:49 +0530]: <s71upcn8> PHP Error: Request security check failed (POST /roundcube/?_task=mail&_action=refresh)
[26-Nov-2025 15:43:49 +0530]: <s71upcn8> PHP Error: Request security check failed (POST /roundcube/?_task=mail&_action=refresh)
[26-Nov-2025 15:45:49 +0530]: <s71upcn8> PHP Error: Request security check failed (POST /roundcube/?_task=mail&_action=refresh)
[26-Nov-2025 15:47:49 +0530]: <s71upcn8> PHP Error: Request security check failed (POST /roundcube/?_task=mail&_action=refresh)
[26-Nov-2025 15:49:49 +0530]: <s71upcn8> PHP Error: Request security check failed (POST /roundcube/?_task=mail&_action=refresh)
[26-Nov-2025 15:51:49 +0530]: <s71upcn8> PHP Error: Request security check failed (POST /roundcube/?_task=mail&_action=refresh)
[26-Nov-2025 15:53:49 +0530]: <s71upcn8> PHP Error: Request security check failed (POST /roundcube/?_task=mail&_action=refresh)
[26-Nov-2025 15:55:49 +0530]: <s71upcn8> PHP Error: Request security check failed (POST /roundcube/?_task=mail&_action=refresh)
[26-Nov-2025 15:57:49 +0530]: <s71upcn8> PHP Error: Request security check failed (POST /roundcube/?_task=mail&_action=refresh)
[26-Nov-2025 15:59:49 +0530]: <s71upcn8> PHP Error: Request security check failed (POST /roundcube/?_task=mail&_action=refresh)
[26-Nov-2025 16:01:49 +0530]: <s71upcn8> PHP Error: Request security check failed (POST /roundcube/?_task=mail&_action=refresh)
[26-Nov-2025 16:03:49 +0530]: <s71upcn8> PHP Error: Request security check failed (POST /roundcube/?_task=mail&_action=refresh)
[26-Nov-2025 16:05:49 +0530]: <s71upcn8> PHP Error: Request security check failed (POST /roundcube/?_task=mail&_action=refresh)
[26-Nov-2025 16:07:49 +0530]: <s71upcn8> PHP Error: Request security check failed (POST /roundcube/?_task=mail&_action=refresh)
[26-Nov-2025 16:09:49 +0530]: <s71upcn8> PHP Error: Request security check failed (POST /roundcube/?_task=mail&_action=refresh)
[26-Nov-2025 16:11:49 +0530]: <s71upcn8> PHP Error: Request security check failed (POST /roundcube/?_task=mail&_action=refresh)
[26-Nov-2025 16:13:49 +0530]: <s71upcn8> PHP Error: Request security check failed (POST /roundcube/?_task=mail&_action=refresh)
[26-Nov-2025 16:15:49 +0530]: <s71upcn8> PHP Error: Request security check failed (POST /roundcube/?_task=mail&_action=refresh)
[26-Nov-2025 16:17:49 +0530]: <s71upcn8> PHP Error: Request security check failed (POST /roundcube/?_task=mail&_action=refresh)
[26-Nov-2025 16:19:49 +0530]: <s71upcn8> PHP Error: Request security check failed (POST /roundcube/?_task=mail&_action=refresh)
[26-Nov-2025 16:21:49 +0530]: <s71upcn8> PHP Error: Request security check failed (POST /roundcube/?_task=mail&_action=refresh)
[26-Nov-2025 16:23:48 +0530]: <s71upcn8> PHP Error: Request security check failed (POST /roundcube/?_task=mail&_action=refresh)
[26-Nov-2025 16:24:52 +0530]: <s71upcn8> PHP Error: Request security check failed (POST /roundcube/?_task=mail&_action=refresh)
[26-Nov-2025 16:26:49 +0530]: <s71upcn8> PHP Error: Request security check failed (POST /roundcube/?_task=mail&_action=refresh)
[26-Nov-2025 16:28:48 +0530]: <s71upcn8> PHP Error: Request security check failed (POST /roundcube/?_task=mail&_action=refresh)
[26-Nov-2025 16:30:48 +0530]: <s71upcn8> PHP Error: Request security check failed (POST /roundcube/?_task=mail&_action=refresh)
